Analysis & Synthesis report for WaveformGenerator
Fri Dec 11 17:17:54 2020
Quartus II 64-Bit Version 13.0.1 Build 232 06/12/2013 Service Pack 1 SJ Web Edition


---------------------
; Table of Contents ;
---------------------
  1. Legal Notice
  2. Analysis & Synthesis Summary
  3. Analysis & Synthesis Settings
  4. Parallel Compilation
  5. Analysis & Synthesis Source Files Read
  6. Analysis & Synthesis Resource Usage Summary
  7. Analysis & Synthesis Resource Utilization by Entity
  8. Analysis & Synthesis RAM Summary
  9. Analysis & Synthesis IP Cores Summary
 10. Registers Removed During Synthesis
 11. General Register Statistics
 12. Inverted Register Statistics
 13. Multiplexer Restructuring Statistics (Restructuring Performed)
 14. Source assignments for romm:inst2|altsyncram:altsyncram_component|altsyncram_3l91:auto_generated
 15. Parameter Settings for User Entity Instance: BUSMUX:inst5
 16. Parameter Settings for User Entity Instance: romm:inst2|altsyncram:altsyncram_component
 17. Parameter Settings for Inferred Entity Instance: Processor:processor|lpm_divide:Div0
 18. altsyncram Parameter Settings by Entity Instance
 19. Elapsed Time Per Partition
 20. Analysis & Synthesis Messages



----------------
; Legal Notice ;
----------------
Copyright (C) 1991-2013 Altera Corporation
Your use of Altera Corporation's design tools, logic functions 
and other software and tools, and its AMPP partner logic 
functions, and any output files from any of the foregoing 
(including device programming or simulation files), and any 
associated documentation or information are expressly subject 
to the terms and conditions of the Altera Program License 
Subscription Agreement, Altera MegaCore Function License 
Agreement, or other applicable license agreement, including, 
without limitation, that your use is for the sole purpose of 
programming logic devices manufactured by Altera and sold by 
Altera or its authorized distributors.  Please refer to the 
applicable agreement for further details.



+--------------------------------------------------------------------------------------+
; Analysis & Synthesis Summary                                                         ;
+------------------------------------+-------------------------------------------------+
; Analysis & Synthesis Status        ; Successful - Fri Dec 11 17:17:54 2020           ;
; Quartus II 64-Bit Version          ; 13.0.1 Build 232 06/12/2013 SP 1 SJ Web Edition ;
; Revision Name                      ; WaveformGenerator                               ;
; Top-level Entity Name              ; WaveformGenerator                               ;
; Family                             ; Cyclone IV E                                    ;
; Total logic elements               ; 304                                             ;
;     Total combinational functions  ; 304                                             ;
;     Dedicated logic registers      ; 42                                              ;
; Total registers                    ; 42                                              ;
; Total pins                         ; 13                                              ;
; Total virtual pins                 ; 0                                               ;
; Total memory bits                  ; 8,192                                           ;
; Embedded Multiplier 9-bit elements ; 0                                               ;
; Total PLLs                         ; 0                                               ;
+------------------------------------+-------------------------------------------------+


+----------------------------------------------------------------------------------------------------------------------+
; Analysis & Synthesis Settings                                                                                        ;
+----------------------------------------------------------------------------+--------------------+--------------------+
; Option                                                                     ; Setting            ; Default Value      ;
+----------------------------------------------------------------------------+--------------------+--------------------+
; Device                                                                     ; EP4CE6E22A7        ;                    ;
; Top-level entity name                                                      ; WaveformGenerator  ; WaveformGenerator  ;
; Family name                                                                ; Cyclone IV E       ; Cyclone IV GX      ;
; Use smart compilation                                                      ; Off                ; Off                ;
; Enable parallel Assembler and TimeQuest Timing Analyzer during compilation ; On                 ; On                 ;
; Enable compact report table                                                ; Off                ; Off                ;
; Restructure Multiplexers                                                   ; Auto               ; Auto               ;
; Create Debugging Nodes for IP Cores                                        ; Off                ; Off                ;
; Preserve fewer node names                                                  ; On                 ; On                 ;
; Disable OpenCore Plus hardware evaluation                                  ; Off                ; Off                ;
; Verilog Version                                                            ; Verilog_2001       ; Verilog_2001       ;
; VHDL Version                                                               ; VHDL_1993          ; VHDL_1993          ;
; State Machine Processing                                                   ; Auto               ; Auto               ;
; Safe State Machine                                                         ; Off                ; Off                ;
; Extract Verilog State Machines                                             ; On                 ; On                 ;
; Extract VHDL State Machines                                                ; On                 ; On                 ;
; Ignore Verilog initial constructs                                          ; Off                ; Off                ;
; Iteration limit for constant Verilog loops                                 ; 5000               ; 5000               ;
; Iteration limit for non-constant Verilog loops                             ; 250                ; 250                ;
; Add Pass-Through Logic to Inferred RAMs                                    ; On                 ; On                 ;
; Infer RAMs from Raw Logic                                                  ; On                 ; On                 ;
; Parallel Synthesis                                                         ; On                 ; On                 ;
; DSP Block Balancing                                                        ; Auto               ; Auto               ;
; NOT Gate Push-Back                                                         ; On                 ; On                 ;
; Power-Up Don't Care                                                        ; On                 ; On                 ;
; Remove Redundant Logic Cells                                               ; Off                ; Off                ;
; Remove Duplicate Registers                                                 ; On                 ; On                 ;
; Ignore CARRY Buffers                                                       ; Off                ; Off                ;
; Ignore CASCADE Buffers                                                     ; Off                ; Off                ;
; Ignore GLOBAL Buffers                                                      ; Off                ; Off                ;
; Ignore ROW GLOBAL Buffers                                                  ; Off                ; Off                ;
; Ignore LCELL Buffers                                                       ; Off                ; Off                ;
; Ignore SOFT Buffers                                                        ; On                 ; On                 ;
; Limit AHDL Integers to 32 Bits                                             ; Off                ; Off                ;
; Optimization Technique                                                     ; Balanced           ; Balanced           ;
; Carry Chain Length                                                         ; 70                 ; 70                 ;
; Auto Carry Chains                                                          ; On                 ; On                 ;
; Auto Open-Drain Pins                                                       ; On                 ; On                 ;
; Perform WYSIWYG Primitive Resynthesis                                      ; Off                ; Off                ;
; Auto ROM Replacement                                                       ; On                 ; On                 ;
; Auto RAM Replacement                                                       ; On                 ; On                 ;
; Auto DSP Block Replacement                                                 ; On                 ; On                 ;
; Auto Shift Register Replacement                                            ; Auto               ; Auto               ;
; Allow Shift Register Merging across Hierarchies                            ; Auto               ; Auto               ;
; Auto Clock Enable Replacement                                              ; On                 ; On                 ;
; Strict RAM Replacement                                                     ; Off                ; Off                ;
; Allow Synchronous Control Signals                                          ; On                 ; On                 ;
; Force Use of Synchronous Clear Signals                                     ; Off                ; Off                ;
; Auto RAM Block Balancing                                                   ; On                 ; On                 ;
; Auto RAM to Logic Cell Conversion                                          ; Off                ; Off                ;
; Auto Resource Sharing                                                      ; Off                ; Off                ;
; Allow Any RAM Size For Recognition                                         ; Off                ; Off                ;
; Allow Any ROM Size For Recognition                                         ; Off                ; Off                ;
; Allow Any Shift Register Size For Recognition                              ; Off                ; Off                ;
; Use LogicLock Constraints during Resource Balancing                        ; On                 ; On                 ;
; Ignore translate_off and synthesis_off directives                          ; Off                ; Off                ;
; Timing-Driven Synthesis                                                    ; On                 ; On                 ;
; Report Parameter Settings                                                  ; On                 ; On                 ;
; Report Source Assignments                                                  ; On                 ; On                 ;
; Report Connectivity Checks                                                 ; On                 ; On                 ;
; Ignore Maximum Fan-Out Assignments                                         ; Off                ; Off                ;
; Synchronization Register Chain Length                                      ; 2                  ; 2                  ;
; PowerPlay Power Optimization                                               ; Normal compilation ; Normal compilation ;
; HDL message level                                                          ; Level2             ; Level2             ;
; Suppress Register Optimization Related Messages                            ; Off                ; Off                ;
; Number of Removed Registers Reported in Synthesis Report                   ; 5000               ; 5000               ;
; Number of Swept Nodes Reported in Synthesis Report                         ; 5000               ; 5000               ;
; Number of Inverted Registers Reported in Synthesis Report                  ; 100                ; 100                ;
; Clock MUX Protection                                                       ; On                 ; On                 ;
; Auto Gated Clock Conversion                                                ; Off                ; Off                ;
; Block Design Naming                                                        ; Auto               ; Auto               ;
; SDC constraint protection                                                  ; Off                ; Off                ;
; Synthesis Effort                                                           ; Auto               ; Auto               ;
; Shift Register Replacement - Allow Asynchronous Clear Signal               ; On                 ; On                 ;
; Pre-Mapping Resynthesis Optimization                                       ; Off                ; Off                ;
; Analysis & Synthesis Message Level                                         ; Medium             ; Medium             ;
; Disable Register Merging Across Hierarchies                                ; Auto               ; Auto               ;
; Resource Aware Inference For Block RAM                                     ; On                 ; On                 ;
; Synthesis Seed                                                             ; 1                  ; 1                  ;
+----------------------------------------------------------------------------+--------------------+--------------------+


Parallel compilation was disabled, but you have multiple processors available. Enable parallel compilation to reduce compilation time.
+-------------------------------------+
; Parallel Compilation                ;
+----------------------------+--------+
; Processors                 ; Number ;
+----------------------------+--------+
; Number detected on machine ; 8      ;
; Maximum allowed            ; 1      ;
+----------------------------+--------+


+---------------------------------------------------------------------------------------------------------------------------------------------------------------------------------------------+
; Analysis & Synthesis Source Files Read                                                                                                                                                      ;
+----------------------------------+-----------------+----------------------------------------+-------------------------------------------------------------------------------------+---------+
; File Name with User-Entered Path ; Used in Netlist ; File Type                              ; File Name with Absolute Path                                                        ; Library ;
+----------------------------------+-----------------+----------------------------------------+-------------------------------------------------------------------------------------+---------+
; Processor.v                      ; yes             ; User Verilog HDL File                  ; C:/Users/Daneshvar/Desktop/DLDLab/Exp3/WaveformGenerator/Processor.v                ;         ;
; WaveformGenerator.bdf            ; yes             ; User Block Diagram/Schematic File      ; C:/Users/Daneshvar/Desktop/DLDLab/Exp3/WaveformGenerator/WaveformGenerator.bdf      ;         ;
; Counter8.v                       ; yes             ; User Verilog HDL File                  ; C:/Users/Daneshvar/Desktop/DLDLab/Exp3/WaveformGenerator/Counter8.v                 ;         ;
; Counter10.v                      ; yes             ; User Verilog HDL File                  ; C:/Users/Daneshvar/Desktop/DLDLab/Exp3/WaveformGenerator/Counter10.v                ;         ;
; romm.v                           ; yes             ; User Wizard-Generated File             ; C:/Users/Daneshvar/Desktop/DLDLab/Exp3/WaveformGenerator/romm.v                     ;         ;
; busmux.tdf                       ; yes             ; Megafunction                           ; c:/altera/13.0sp1/quartus/libraries/megafunctions/busmux.tdf                        ;         ;
; lpm_mux.inc                      ; yes             ; Megafunction                           ; c:/altera/13.0sp1/quartus/libraries/megafunctions/lpm_mux.inc                       ;         ;
; lpm_mux.tdf                      ; yes             ; Megafunction                           ; c:/altera/13.0sp1/quartus/libraries/megafunctions/lpm_mux.tdf                       ;         ;
; aglobal130.inc                   ; yes             ; Megafunction                           ; c:/altera/13.0sp1/quartus/libraries/megafunctions/aglobal130.inc                    ;         ;
; muxlut.inc                       ; yes             ; Megafunction                           ; c:/altera/13.0sp1/quartus/libraries/megafunctions/muxlut.inc                        ;         ;
; bypassff.inc                     ; yes             ; Megafunction                           ; c:/altera/13.0sp1/quartus/libraries/megafunctions/bypassff.inc                      ;         ;
; altshift.inc                     ; yes             ; Megafunction                           ; c:/altera/13.0sp1/quartus/libraries/megafunctions/altshift.inc                      ;         ;
; db/mux_erc.tdf                   ; yes             ; Auto-Generated Megafunction            ; C:/Users/Daneshvar/Desktop/DLDLab/Exp3/WaveformGenerator/db/mux_erc.tdf             ;         ;
; altsyncram.tdf                   ; yes             ; Megafunction                           ; c:/altera/13.0sp1/quartus/libraries/megafunctions/altsyncram.tdf                    ;         ;
; stratix_ram_block.inc            ; yes             ; Megafunction                           ; c:/altera/13.0sp1/quartus/libraries/megafunctions/stratix_ram_block.inc             ;         ;
; lpm_decode.inc                   ; yes             ; Megafunction                           ; c:/altera/13.0sp1/quartus/libraries/megafunctions/lpm_decode.inc                    ;         ;
; a_rdenreg.inc                    ; yes             ; Megafunction                           ; c:/altera/13.0sp1/quartus/libraries/megafunctions/a_rdenreg.inc                     ;         ;
; altrom.inc                       ; yes             ; Megafunction                           ; c:/altera/13.0sp1/quartus/libraries/megafunctions/altrom.inc                        ;         ;
; altram.inc                       ; yes             ; Megafunction                           ; c:/altera/13.0sp1/quartus/libraries/megafunctions/altram.inc                        ;         ;
; altdpram.inc                     ; yes             ; Megafunction                           ; c:/altera/13.0sp1/quartus/libraries/megafunctions/altdpram.inc                      ;         ;
; db/altsyncram_3l91.tdf           ; yes             ; Auto-Generated Megafunction            ; C:/Users/Daneshvar/Desktop/DLDLab/Exp3/WaveformGenerator/db/altsyncram_3l91.tdf     ;         ;
; arbitrary.mif                    ; yes             ; Auto-Found Memory Initialization File  ; C:/Users/Daneshvar/Desktop/DLDLab/Exp3/WaveformGenerator/arbitrary.mif              ;         ;
; lpm_divide.tdf                   ; yes             ; Megafunction                           ; c:/altera/13.0sp1/quartus/libraries/megafunctions/lpm_divide.tdf                    ;         ;
; abs_divider.inc                  ; yes             ; Megafunction                           ; c:/altera/13.0sp1/quartus/libraries/megafunctions/abs_divider.inc                   ;         ;
; sign_div_unsign.inc              ; yes             ; Megafunction                           ; c:/altera/13.0sp1/quartus/libraries/megafunctions/sign_div_unsign.inc               ;         ;
; db/lpm_divide_phm.tdf            ; yes             ; Auto-Generated Megafunction            ; C:/Users/Daneshvar/Desktop/DLDLab/Exp3/WaveformGenerator/db/lpm_divide_phm.tdf      ;         ;
; db/sign_div_unsign_hkh.tdf       ; yes             ; Auto-Generated Megafunction            ; C:/Users/Daneshvar/Desktop/DLDLab/Exp3/WaveformGenerator/db/sign_div_unsign_hkh.tdf ;         ;
; db/alt_u_div_m4f.tdf             ; yes             ; Auto-Generated Megafunction            ; C:/Users/Daneshvar/Desktop/DLDLab/Exp3/WaveformGenerator/db/alt_u_div_m4f.tdf       ;         ;
; db/add_sub_7pc.tdf               ; yes             ; Auto-Generated Megafunction            ; C:/Users/Daneshvar/Desktop/DLDLab/Exp3/WaveformGenerator/db/add_sub_7pc.tdf         ;         ;
; db/add_sub_8pc.tdf               ; yes             ; Auto-Generated Megafunction            ; C:/Users/Daneshvar/Desktop/DLDLab/Exp3/WaveformGenerator/db/add_sub_8pc.tdf         ;         ;
+----------------------------------+-----------------+----------------------------------------+-------------------------------------------------------------------------------------+---------+


+---------------------------------------------------------+
; Analysis & Synthesis Resource Usage Summary             ;
+---------------------------------------------+-----------+
; Resource                                    ; Usage     ;
+---------------------------------------------+-----------+
; Estimated Total logic elements              ; 304       ;
;                                             ;           ;
; Total combinational functions               ; 304       ;
; Logic element usage by number of LUT inputs ;           ;
;     -- 4 input functions                    ; 53        ;
;     -- 3 input functions                    ; 133       ;
;     -- <=2 input functions                  ; 118       ;
;                                             ;           ;
; Logic elements by mode                      ;           ;
;     -- normal mode                          ; 142       ;
;     -- arithmetic mode                      ; 162       ;
;                                             ;           ;
; Total registers                             ; 42        ;
;     -- Dedicated logic registers            ; 42        ;
;     -- I/O registers                        ; 0         ;
;                                             ;           ;
; I/O pins                                    ; 13        ;
; Total memory bits                           ; 8192      ;
; Embedded Multiplier 9-bit elements          ; 0         ;
; Maximum fan-out node                        ; clk~input ;
; Maximum fan-out                             ; 50        ;
; Total fan-out                               ; 1052      ;
; Average fan-out                             ; 2.77      ;
+---------------------------------------------+-----------+


+---------------------------------------------------------------------------------------------------------------------------------------------------------------------------------------------------------------------------------------------------------------------------------------------------------------+
; Analysis & Synthesis Resource Utilization by Entity                                                                                                                                                                                                                                                           ;
+-------------------------------------------+-------------------+--------------+-------------+--------------+---------+-----------+------+--------------+----------------------------------------------------------------------------------------------------------------------------------------+--------------+
; Compilation Hierarchy Node                ; LC Combinationals ; LC Registers ; Memory Bits ; DSP Elements ; DSP 9x9 ; DSP 18x18 ; Pins ; Virtual Pins ; Full Hierarchy Name                                                                                                                    ; Library Name ;
+-------------------------------------------+-------------------+--------------+-------------+--------------+---------+-----------+------+--------------+----------------------------------------------------------------------------------------------------------------------------------------+--------------+
; |WaveformGenerator                        ; 304 (1)           ; 42 (0)       ; 8192        ; 0            ; 0       ; 0         ; 13   ; 0            ; |WaveformGenerator                                                                                                                     ; work         ;
;    |Processor:processor|                  ; 252 (160)         ; 32 (32)      ; 0           ; 0            ; 0       ; 0         ; 0    ; 0            ; |WaveformGenerator|Processor:processor                                                                                                 ; work         ;
;       |lpm_divide:Div0|                   ; 92 (0)            ; 0 (0)        ; 0           ; 0            ; 0       ; 0         ; 0    ; 0            ; |WaveformGenerator|Processor:processor|lpm_divide:Div0                                                                                 ; work         ;
;          |lpm_divide_phm:auto_generated|  ; 92 (0)            ; 0 (0)        ; 0           ; 0            ; 0       ; 0         ; 0    ; 0            ; |WaveformGenerator|Processor:processor|lpm_divide:Div0|lpm_divide_phm:auto_generated                                                   ; work         ;
;             |sign_div_unsign_hkh:divider| ; 92 (0)            ; 0 (0)        ; 0           ; 0            ; 0       ; 0         ; 0    ; 0            ; |WaveformGenerator|Processor:processor|lpm_divide:Div0|lpm_divide_phm:auto_generated|sign_div_unsign_hkh:divider                       ; work         ;
;                |alt_u_div_m4f:divider|    ; 92 (92)           ; 0 (0)        ; 0           ; 0            ; 0       ; 0         ; 0    ; 0            ; |WaveformGenerator|Processor:processor|lpm_divide:Div0|lpm_divide_phm:auto_generated|sign_div_unsign_hkh:divider|alt_u_div_m4f:divider ; work         ;
;    |busmux:inst5|                         ; 41 (0)            ; 0 (0)        ; 0           ; 0            ; 0       ; 0         ; 0    ; 0            ; |WaveformGenerator|busmux:inst5                                                                                                        ; work         ;
;       |lpm_mux:$00000|                    ; 41 (0)            ; 0 (0)        ; 0           ; 0            ; 0       ; 0         ; 0    ; 0            ; |WaveformGenerator|busmux:inst5|lpm_mux:$00000                                                                                         ; work         ;
;          |mux_erc:auto_generated|         ; 41 (41)           ; 0 (0)        ; 0           ; 0            ; 0       ; 0         ; 0    ; 0            ; |WaveformGenerator|busmux:inst5|lpm_mux:$00000|mux_erc:auto_generated                                                                  ; work         ;
;    |counter10:inst|                       ; 10 (10)           ; 10 (10)      ; 0           ; 0            ; 0       ; 0         ; 0    ; 0            ; |WaveformGenerator|counter10:inst                                                                                                      ; work         ;
;    |romm:inst2|                           ; 0 (0)             ; 0 (0)        ; 8192        ; 0            ; 0       ; 0         ; 0    ; 0            ; |WaveformGenerator|romm:inst2                                                                                                          ; work         ;
;       |altsyncram:altsyncram_component|   ; 0 (0)             ; 0 (0)        ; 8192        ; 0            ; 0       ; 0         ; 0    ; 0            ; |WaveformGenerator|romm:inst2|altsyncram:altsyncram_component                                                                          ; work         ;
;          |altsyncram_3l91:auto_generated| ; 0 (0)             ; 0 (0)        ; 8192        ; 0            ; 0       ; 0         ; 0    ; 0            ; |WaveformGenerator|romm:inst2|altsyncram:altsyncram_component|altsyncram_3l91:auto_generated                                           ; work         ;
+-------------------------------------------+-------------------+--------------+-------------+--------------+---------+-----------+------+--------------+----------------------------------------------------------------------------------------------------------------------------------------+--------------+
Note: For table entries with two numbers listed, the numbers in parentheses indicate the number of resources of the given type used by the specific entity alone. The numbers listed outside of parentheses indicate the total resources of the given type used by the specific entity and all of its sub-entities in the hierarchy.


+---------------------------------------------------------------------------------------------------------------------------------------------------------------------------------------+
; Analysis & Synthesis RAM Summary                                                                                                                                                      ;
+--------------------------------------------------------------------------------------+------+------+--------------+--------------+--------------+--------------+------+---------------+
; Name                                                                                 ; Type ; Mode ; Port A Depth ; Port A Width ; Port B Depth ; Port B Width ; Size ; MIF           ;
+--------------------------------------------------------------------------------------+------+------+--------------+--------------+--------------+--------------+------+---------------+
; romm:inst2|altsyncram:altsyncram_component|altsyncram_3l91:auto_generated|ALTSYNCRAM ; AUTO ; ROM  ; 1024         ; 8            ; --           ; --           ; 8192 ; arbitrary.mif ;
+--------------------------------------------------------------------------------------+------+------+--------------+--------------+--------------+--------------+------+---------------+


+-----------------------------------------------------------------------------------------------------------------------------------------------------------------+
; Analysis & Synthesis IP Cores Summary                                                                                                                           ;
+--------+--------------+---------+--------------+--------------+-------------------------------+-----------------------------------------------------------------+
; Vendor ; IP Core Name ; Version ; Release Date ; License Type ; Entity Instance               ; IP Include File                                                 ;
+--------+--------------+---------+--------------+--------------+-------------------------------+-----------------------------------------------------------------+
; Altera ; ROM: 1-PORT  ; 13.0    ; N/A          ; N/A          ; |WaveformGenerator|romm:inst2 ; C:/Users/Daneshvar/Desktop/DLDLab/Exp3/WaveformGenerator/romm.v ;
+--------+--------------+---------+--------------+--------------+-------------------------------+-----------------------------------------------------------------+


+---------------------------------------------------------------------------+
; Registers Removed During Synthesis                                        ;
+---------------------------------------+-----------------------------------+
; Register name                         ; Reason for Removal                ;
+---------------------------------------+-----------------------------------+
; counter8:cnt8|out[0]                  ; Merged with counter10:inst|out[0] ;
; counter8:cnt8|out[1]                  ; Merged with counter10:inst|out[1] ;
; counter8:cnt8|out[2]                  ; Merged with counter10:inst|out[2] ;
; counter8:cnt8|out[3]                  ; Merged with counter10:inst|out[3] ;
; counter8:cnt8|out[4]                  ; Merged with counter10:inst|out[4] ;
; counter8:cnt8|out[5]                  ; Merged with counter10:inst|out[5] ;
; counter8:cnt8|out[6]                  ; Merged with counter10:inst|out[6] ;
; counter8:cnt8|out[7]                  ; Merged with counter10:inst|out[7] ;
; Total Number of Removed Registers = 8 ;                                   ;
+---------------------------------------+-----------------------------------+


+------------------------------------------------------+
; General Register Statistics                          ;
+----------------------------------------------+-------+
; Statistic                                    ; Value ;
+----------------------------------------------+-------+
; Total registers                              ; 42    ;
; Number of registers using Synchronous Clear  ; 0     ;
; Number of registers using Synchronous Load   ; 0     ;
; Number of registers using Asynchronous Clear ; 42    ;
; Number of registers using Asynchronous Load  ; 0     ;
; Number of registers using Clock Enable       ; 0     ;
; Number of registers using Preset             ; 0     ;
+----------------------------------------------+-------+


+--------------------------------------------------+
; Inverted Register Statistics                     ;
+----------------------------------------+---------+
; Inverted Register                      ; Fan out ;
+----------------------------------------+---------+
; Processor:processor|cosine[14]         ; 2       ;
; Processor:processor|cosine[13]         ; 2       ;
; Processor:processor|cosine[12]         ; 2       ;
; Processor:processor|cosine[10]         ; 2       ;
; Processor:processor|cosine[8]          ; 2       ;
; Processor:processor|cosine[5]          ; 1       ;
; Processor:processor|cosine[4]          ; 1       ;
; Total number of inverted registers = 7 ;         ;
+----------------------------------------+---------+


+----------------------------------------------------------------------------------------------------------------------------------------------------------------------------------------------------+
; Multiplexer Restructuring Statistics (Restructuring Performed)                                                                                                                                     ;
+--------------------+-----------+---------------+----------------------+------------------------+------------+--------------------------------------------------------------------------------------+
; Multiplexer Inputs ; Bus Width ; Baseline Area ; Area if Restructured ; Saving if Restructured ; Registered ; Example Multiplexer Output                                                           ;
+--------------------+-----------+---------------+----------------------+------------------------+------------+--------------------------------------------------------------------------------------+
; 9:1                ; 7 bits    ; 42 LEs        ; 35 LEs               ; 7 LEs                  ; No         ; |WaveformGenerator|busmux:inst5|lpm_mux:$00000|mux_erc:auto_generated|result_node[7] ;
+--------------------+-----------+---------------+----------------------+------------------------+------------+--------------------------------------------------------------------------------------+


+--------------------------------------------------------------------------------------------------+
; Source assignments for romm:inst2|altsyncram:altsyncram_component|altsyncram_3l91:auto_generated ;
+---------------------------------+--------------------+------+------------------------------------+
; Assignment                      ; Value              ; From ; To                                 ;
+---------------------------------+--------------------+------+------------------------------------+
; OPTIMIZE_POWER_DURING_SYNTHESIS ; NORMAL_COMPILATION ; -    ; -                                  ;
+---------------------------------+--------------------+------+------------------------------------+


+-----------------------------------------------------------+
; Parameter Settings for User Entity Instance: BUSMUX:inst5 ;
+----------------+-------+----------------------------------+
; Parameter Name ; Value ; Type                             ;
+----------------+-------+----------------------------------+
; WIDTH          ; 8     ; Signed Integer                   ;
+----------------+-------+----------------------------------+
Note: In order to hide this table in the UI and the text report file, please set the "Show Parameter Settings in Synthesis Report" option in "Analysis and Synthesis Settings -> More Settings" to "Off".


+-----------------------------------------------------------------------------------------+
; Parameter Settings for User Entity Instance: romm:inst2|altsyncram:altsyncram_component ;
+------------------------------------+----------------------+-----------------------------+
; Parameter Name                     ; Value                ; Type                        ;
+------------------------------------+----------------------+-----------------------------+
; BYTE_SIZE_BLOCK                    ; 8                    ; Untyped                     ;
; AUTO_CARRY_CHAINS                  ; ON                   ; AUTO_CARRY                  ;
; IGNORE_CARRY_BUFFERS               ; OFF                  ; IGNORE_CARRY                ;
; AUTO_CASCADE_CHAINS                ; ON                   ; AUTO_CASCADE                ;
; IGNORE_CASCADE_BUFFERS             ; OFF                  ; IGNORE_CASCADE              ;
; WIDTH_BYTEENA                      ; 1                    ; Untyped                     ;
; OPERATION_MODE                     ; ROM                  ; Untyped                     ;
; WIDTH_A                            ; 8                    ; Signed Integer              ;
; WIDTHAD_A                          ; 10                   ; Signed Integer              ;
; NUMWORDS_A                         ; 1024                 ; Signed Integer              ;
; OUTDATA_REG_A                      ; CLOCK0               ; Untyped                     ;
; ADDRESS_ACLR_A                     ; NONE                 ; Untyped                     ;
; OUTDATA_ACLR_A                     ; NONE                 ; Untyped                     ;
; WRCONTROL_ACLR_A                   ; NONE                 ; Untyped                     ;
; INDATA_ACLR_A                      ; NONE                 ; Untyped                     ;
; BYTEENA_ACLR_A                     ; NONE                 ; Untyped                     ;
; WIDTH_B                            ; 1                    ; Untyped                     ;
; WIDTHAD_B                          ; 1                    ; Untyped                     ;
; NUMWORDS_B                         ; 1                    ; Untyped                     ;
; INDATA_REG_B                       ; CLOCK1               ; Untyped                     ;
; WRCONTROL_WRADDRESS_REG_B          ; CLOCK1               ; Untyped                     ;
; RDCONTROL_REG_B                    ; CLOCK1               ; Untyped                     ;
; ADDRESS_REG_B                      ; CLOCK1               ; Untyped                     ;
; OUTDATA_REG_B                      ; UNREGISTERED         ; Untyped                     ;
; BYTEENA_REG_B                      ; CLOCK1               ; Untyped                     ;
; INDATA_ACLR_B                      ; NONE                 ; Untyped                     ;
; WRCONTROL_ACLR_B                   ; NONE                 ; Untyped                     ;
; ADDRESS_ACLR_B                     ; NONE                 ; Untyped                     ;
; OUTDATA_ACLR_B                     ; NONE                 ; Untyped                     ;
; RDCONTROL_ACLR_B                   ; NONE                 ; Untyped                     ;
; BYTEENA_ACLR_B                     ; NONE                 ; Untyped                     ;
; WIDTH_BYTEENA_A                    ; 1                    ; Signed Integer              ;
; WIDTH_BYTEENA_B                    ; 1                    ; Untyped                     ;
; RAM_BLOCK_TYPE                     ; AUTO                 ; Untyped                     ;
; BYTE_SIZE                          ; 8                    ; Untyped                     ;
; READ_DURING_WRITE_MODE_MIXED_PORTS ; DONT_CARE            ; Untyped                     ;
; READ_DURING_WRITE_MODE_PORT_A      ; NEW_DATA_NO_NBE_READ ; Untyped                     ;
; READ_DURING_WRITE_MODE_PORT_B      ; NEW_DATA_NO_NBE_READ ; Untyped                     ;
; INIT_FILE                          ; arbitrary.mif        ; Untyped                     ;
; INIT_FILE_LAYOUT                   ; PORT_A               ; Untyped                     ;
; MAXIMUM_DEPTH                      ; 0                    ; Untyped                     ;
; CLOCK_ENABLE_INPUT_A               ; BYPASS               ; Untyped                     ;
; CLOCK_ENABLE_INPUT_B               ; NORMAL               ; Untyped                     ;
; CLOCK_ENABLE_OUTPUT_A              ; BYPASS               ; Untyped                     ;
; CLOCK_ENABLE_OUTPUT_B              ; NORMAL               ; Untyped                     ;
; CLOCK_ENABLE_CORE_A                ; USE_INPUT_CLKEN      ; Untyped                     ;
; CLOCK_ENABLE_CORE_B                ; USE_INPUT_CLKEN      ; Untyped                     ;
; ENABLE_ECC                         ; FALSE                ; Untyped                     ;
; ECC_PIPELINE_STAGE_ENABLED         ; FALSE                ; Untyped                     ;
; WIDTH_ECCSTATUS                    ; 3                    ; Untyped                     ;
; DEVICE_FAMILY                      ; Cyclone IV E         ; Untyped                     ;
; CBXI_PARAMETER                     ; altsyncram_3l91      ; Untyped                     ;
+------------------------------------+----------------------+-----------------------------+
Note: In order to hide this table in the UI and the text report file, please set the "Show Parameter Settings in Synthesis Report" option in "Analysis and Synthesis Settings -> More Settings" to "Off".


+--------------------------------------------------------------------------------------+
; Parameter Settings for Inferred Entity Instance: Processor:processor|lpm_divide:Div0 ;
+------------------------+----------------+--------------------------------------------+
; Parameter Name         ; Value          ; Type                                       ;
+------------------------+----------------+--------------------------------------------+
; LPM_WIDTHN             ; 9              ; Untyped                                    ;
; LPM_WIDTHD             ; 9              ; Untyped                                    ;
; LPM_NREPRESENTATION    ; UNSIGNED       ; Untyped                                    ;
; LPM_DREPRESENTATION    ; UNSIGNED       ; Untyped                                    ;
; LPM_PIPELINE           ; 0              ; Untyped                                    ;
; LPM_REMAINDERPOSITIVE  ; TRUE           ; Untyped                                    ;
; MAXIMIZE_SPEED         ; 5              ; Untyped                                    ;
; CBXI_PARAMETER         ; lpm_divide_phm ; Untyped                                    ;
; CARRY_CHAIN            ; MANUAL         ; Untyped                                    ;
; OPTIMIZE_FOR_SPEED     ; 5              ; Untyped                                    ;
; AUTO_CARRY_CHAINS      ; ON             ; AUTO_CARRY                                 ;
; IGNORE_CARRY_BUFFERS   ; OFF            ; IGNORE_CARRY                               ;
; AUTO_CASCADE_CHAINS    ; ON             ; AUTO_CASCADE                               ;
; IGNORE_CASCADE_BUFFERS ; OFF            ; IGNORE_CASCADE                             ;
+------------------------+----------------+--------------------------------------------+
Note: In order to hide this table in the UI and the text report file, please set the "Show Parameter Settings in Synthesis Report" option in "Analysis and Synthesis Settings -> More Settings" to "Off".


+----------------------------------------------------------------------------------------+
; altsyncram Parameter Settings by Entity Instance                                       ;
+-------------------------------------------+--------------------------------------------+
; Name                                      ; Value                                      ;
+-------------------------------------------+--------------------------------------------+
; Number of entity instances                ; 1                                          ;
; Entity Instance                           ; romm:inst2|altsyncram:altsyncram_component ;
;     -- OPERATION_MODE                     ; ROM                                        ;
;     -- WIDTH_A                            ; 8                                          ;
;     -- NUMWORDS_A                         ; 1024                                       ;
;     -- OUTDATA_REG_A                      ; CLOCK0                                     ;
;     -- WIDTH_B                            ; 1                                          ;
;     -- NUMWORDS_B                         ; 1                                          ;
;     -- ADDRESS_REG_B                      ; CLOCK1                                     ;
;     -- OUTDATA_REG_B                      ; UNREGISTERED                               ;
;     -- RAM_BLOCK_TYPE                     ; AUTO                                       ;
;     -- READ_DURING_WRITE_MODE_MIXED_PORTS ; DONT_CARE                                  ;
+-------------------------------------------+--------------------------------------------+


+-------------------------------+
; Elapsed Time Per Partition    ;
+----------------+--------------+
; Partition Name ; Elapsed Time ;
+----------------+--------------+
; Top            ; 00:00:01     ;
+----------------+--------------+


+-------------------------------+
; Analysis & Synthesis Messages ;
+-------------------------------+
Info: *******************************************************************
Info: Running Quartus II 64-Bit Analysis & Synthesis
    Info: Version 13.0.1 Build 232 06/12/2013 Service Pack 1 SJ Web Edition
    Info: Processing started: Fri Dec 11 17:17:51 2020
Info: Command: quartus_map --read_settings_files=on --write_settings_files=off WaveformGenerator -c WaveformGenerator
Warning (20028): Parallel compilation is not licensed and has been disabled
Info (12021): Found 1 design units, including 1 entities, in source file processor.v
    Info (12023): Found entity 1: Processor
Info (12021): Found 1 design units, including 1 entities, in source file waveformgenerator.bdf
    Info (12023): Found entity 1: WaveformGenerator
Info (12021): Found 1 design units, including 1 entities, in source file counter8.v
    Info (12023): Found entity 1: counter8
Info (12021): Found 1 design units, including 1 entities, in source file counter10.v
    Info (12023): Found entity 1: counter10
Info (12021): Found 1 design units, including 1 entities, in source file romm.v
    Info (12023): Found entity 1: romm
Info (12021): Found 1 design units, including 1 entities, in source file mymux.v
    Info (12023): Found entity 1: MUX2x1
Info (12127): Elaborating entity "WaveformGenerator" for the top level hierarchy
Info (12128): Elaborating entity "BUSMUX" for hierarchy "BUSMUX:inst5"
Info (12130): Elaborated megafunction instantiation "BUSMUX:inst5"
Info (12133): Instantiated megafunction "BUSMUX:inst5" with the following parameter:
    Info (12134): Parameter "WIDTH" = "8"
Info (12128): Elaborating entity "lpm_mux" for hierarchy "BUSMUX:inst5|lpm_mux:$00000"
Info (12131): Elaborated megafunction instantiation "BUSMUX:inst5|lpm_mux:$00000", which is child of megafunction instantiation "BUSMUX:inst5"
Info (12021): Found 1 design units, including 1 entities, in source file db/mux_erc.tdf
    Info (12023): Found entity 1: mux_erc
Info (12128): Elaborating entity "mux_erc" for hierarchy "BUSMUX:inst5|lpm_mux:$00000|mux_erc:auto_generated"
Info (12128): Elaborating entity "Processor" for hierarchy "Processor:processor"
Warning (10230): Verilog HDL assignment warning at Processor.v(32): truncated value with size 32 to match size of target (8)
Warning (10230): Verilog HDL assignment warning at Processor.v(42): truncated value with size 32 to match size of target (8)
Warning (10230): Verilog HDL assignment warning at Processor.v(70): truncated value with size 32 to match size of target (8)
Warning (10230): Verilog HDL assignment warning at Processor.v(95): truncated value with size 32 to match size of target (8)
Warning (10230): Verilog HDL assignment warning at Processor.v(96): truncated value with size 32 to match size of target (8)
Warning (10230): Verilog HDL assignment warning at Processor.v(98): truncated value with size 32 to match size of target (8)
Warning (10230): Verilog HDL assignment warning at Processor.v(99): truncated value with size 32 to match size of target (8)
Warning (10230): Verilog HDL assignment warning at Processor.v(100): truncated value with size 32 to match size of target (8)
Warning (10230): Verilog HDL assignment warning at Processor.v(101): truncated value with size 32 to match size of target (8)
Info (12128): Elaborating entity "counter8" for hierarchy "counter8:cnt8"
Info (12128): Elaborating entity "romm" for hierarchy "romm:inst2"
Info (12128): Elaborating entity "altsyncram" for hierarchy "romm:inst2|altsyncram:altsyncram_component"
Info (12130): Elaborated megafunction instantiation "romm:inst2|altsyncram:altsyncram_component"
Info (12133): Instantiated megafunction "romm:inst2|altsyncram:altsyncram_component" with the following parameter:
    Info (12134): Parameter "address_aclr_a" = "NONE"
    Info (12134): Parameter "clock_enable_input_a" = "BYPASS"
    Info (12134): Parameter "clock_enable_output_a" = "BYPASS"
    Info (12134): Parameter "init_file" = "arbitrary.mif"
    Info (12134): Parameter "intended_device_family" = "Cyclone IV E"
    Info (12134): Parameter "lpm_hint" = "ENABLE_RUNTIME_MOD=NO"
    Info (12134): Parameter "lpm_type" = "altsyncram"
    Info (12134): Parameter "numwords_a" = "1024"
    Info (12134): Parameter "operation_mode" = "ROM"
    Info (12134): Parameter "outdata_aclr_a" = "NONE"
    Info (12134): Parameter "outdata_reg_a" = "CLOCK0"
    Info (12134): Parameter "widthad_a" = "10"
    Info (12134): Parameter "width_a" = "8"
    Info (12134): Parameter "width_byteena_a" = "1"
Info (12021): Found 1 design units, including 1 entities, in source file db/altsyncram_3l91.tdf
    Info (12023): Found entity 1: altsyncram_3l91
Info (12128): Elaborating entity "altsyncram_3l91" for hierarchy "romm:inst2|altsyncram:altsyncram_component|altsyncram_3l91:auto_generated"
Info (12128): Elaborating entity "counter10" for hierarchy "counter10:inst"
Info (278001): Inferred 1 megafunctions from design logic
    Info (278004): Inferred divider/modulo megafunction ("lpm_divide") from the following logic: "Processor:processor|Div0"
Info (12130): Elaborated megafunction instantiation "Processor:processor|lpm_divide:Div0"
Info (12133): Instantiated megafunction "Processor:processor|lpm_divide:Div0" with the following parameter:
    Info (12134): Parameter "LPM_WIDTHN" = "9"
    Info (12134): Parameter "LPM_WIDTHD" = "9"
    Info (12134): Parameter "LPM_NREPRESENTATION" = "UNSIGNED"
    Info (12134): Parameter "LPM_DREPRESENTATION" = "UNSIGNED"
Info (12021): Found 1 design units, including 1 entities, in source file db/lpm_divide_phm.tdf
    Info (12023): Found entity 1: lpm_divide_phm
Info (12021): Found 1 design units, including 1 entities, in source file db/sign_div_unsign_hkh.tdf
    Info (12023): Found entity 1: sign_div_unsign_hkh
Info (12021): Found 1 design units, including 1 entities, in source file db/alt_u_div_m4f.tdf
    Info (12023): Found entity 1: alt_u_div_m4f
Info (12021): Found 1 design units, including 1 entities, in source file db/add_sub_7pc.tdf
    Info (12023): Found entity 1: add_sub_7pc
Info (12021): Found 1 design units, including 1 entities, in source file db/add_sub_8pc.tdf
    Info (12023): Found entity 1: add_sub_8pc
Info (286030): Timing-Driven Synthesis is running
Info (16010): Generating hard_block partition "hard_block:auto_generated_inst"
    Info (16011): Adding 0 node(s), including 0 DDIO, 0 PLL, 0 transceiver and 0 LCELL
Info (21057): Implemented 335 device resources after synthesis - the final resource count might be different
    Info (21058): Implemented 5 input pins
    Info (21059): Implemented 8 output pins
    Info (21061): Implemented 314 logic cells
    Info (21064): Implemented 8 RAM segments
Info: Quartus II 64-Bit Analysis & Synthesis was successful. 0 errors, 10 warnings
    Info: Peak virtual memory: 4628 megabytes
    Info: Processing ended: Fri Dec 11 17:17:54 2020
    Info: Elapsed time: 00:00:03
    Info: Total CPU time (on all processors): 00:00:04


