Analysis & Synthesis report for integ
Thu Dec 24 19:30:55 2020
Quartus II 64-Bit Version 13.0.1 Build 232 06/12/2013 Service Pack 1 SJ Web Edition


---------------------
; Table of Contents ;
---------------------
  1. Legal Notice
  2. Analysis & Synthesis Summary
  3. Analysis & Synthesis Settings
  4. Parallel Compilation
  5. Analysis & Synthesis Source Files Read
  6. Analysis & Synthesis Resource Usage Summary
  7. Analysis & Synthesis Resource Utilization by Entity
  8. Analysis & Synthesis DSP Block Usage Summary
  9. State Machine - |integ|exponential:instExponential|expController:control|ps
 10. User-Specified and Inferred Latches
 11. Registers Removed During Synthesis
 12. Removed Registers Triggering Further Register Optimizations
 13. General Register Statistics
 14. Multiplexer Restructuring Statistics (Restructuring Performed)
 15. Parameter Settings for User Entity Instance: exponential:instExponential|expController:control
 16. Parameter Settings for Inferred Entity Instance: exponential:instExponential|expDatapath:dP|multiplier:mult|lpm_mult:Mult0
 17. lpm_mult Parameter Settings by Entity Instance
 18. Port Connectivity Checks: "exponential:instExponential|expDatapath:dP|adder:add"
 19. Port Connectivity Checks: "exponential:instExponential|expDatapath:dP|counter:count"
 20. Elapsed Time Per Partition
 21. Analysis & Synthesis Messages



----------------
; Legal Notice ;
----------------
Copyright (C) 1991-2013 Altera Corporation
Your use of Altera Corporation's design tools, logic functions 
and other software and tools, and its AMPP partner logic 
functions, and any output files from any of the foregoing 
(including device programming or simulation files), and any 
associated documentation or information are expressly subject 
to the terms and conditions of the Altera Program License 
Subscription Agreement, Altera MegaCore Function License 
Agreement, or other applicable license agreement, including, 
without limitation, that your use is for the sole purpose of 
programming logic devices manufactured by Altera and sold by 
Altera or its authorized distributors.  Please refer to the 
applicable agreement for further details.



+--------------------------------------------------------------------------------------+
; Analysis & Synthesis Summary                                                         ;
+------------------------------------+-------------------------------------------------+
; Analysis & Synthesis Status        ; Successful - Thu Dec 24 19:30:55 2020           ;
; Quartus II 64-Bit Version          ; 13.0.1 Build 232 06/12/2013 SP 1 SJ Web Edition ;
; Revision Name                      ; integ                                           ;
; Top-level Entity Name              ; integ                                           ;
; Family                             ; Cyclone IV E                                    ;
; Total logic elements               ; 165                                             ;
;     Total combinational functions  ; 162                                             ;
;     Dedicated logic registers      ; 80                                              ;
; Total registers                    ; 80                                              ;
; Total pins                         ; 56                                              ;
; Total virtual pins                 ; 0                                               ;
; Total memory bits                  ; 0                                               ;
; Embedded Multiplier 9-bit elements ; 2                                               ;
; Total PLLs                         ; 0                                               ;
+------------------------------------+-------------------------------------------------+


+----------------------------------------------------------------------------------------------------------------------+
; Analysis & Synthesis Settings                                                                                        ;
+----------------------------------------------------------------------------+--------------------+--------------------+
; Option                                                                     ; Setting            ; Default Value      ;
+----------------------------------------------------------------------------+--------------------+--------------------+
; Device                                                                     ; EP4CE6E22A7        ;                    ;
; Top-level entity name                                                      ; integ              ; integ              ;
; Family name                                                                ; Cyclone IV E       ; Cyclone IV GX      ;
; Use smart compilation                                                      ; Off                ; Off                ;
; Enable parallel Assembler and TimeQuest Timing Analyzer during compilation ; On                 ; On                 ;
; Enable compact report table                                                ; Off                ; Off                ;
; Restructure Multiplexers                                                   ; Auto               ; Auto               ;
; Create Debugging Nodes for IP Cores                                        ; Off                ; Off                ;
; Preserve fewer node names                                                  ; On                 ; On                 ;
; Disable OpenCore Plus hardware evaluation                                  ; Off                ; Off                ;
; Verilog Version                                                            ; Verilog_2001       ; Verilog_2001       ;
; VHDL Version                                                               ; VHDL_1993          ; VHDL_1993          ;
; State Machine Processing                                                   ; Auto               ; Auto               ;
; Safe State Machine                                                         ; Off                ; Off                ;
; Extract Verilog State Machines                                             ; On                 ; On                 ;
; Extract VHDL State Machines                                                ; On                 ; On                 ;
; Ignore Verilog initial constructs                                          ; Off                ; Off                ;
; Iteration limit for constant Verilog loops                                 ; 5000               ; 5000               ;
; Iteration limit for non-constant Verilog loops                             ; 250                ; 250                ;
; Add Pass-Through Logic to Inferred RAMs                                    ; On                 ; On                 ;
; Infer RAMs from Raw Logic                                                  ; On                 ; On                 ;
; Parallel Synthesis                                                         ; On                 ; On                 ;
; DSP Block Balancing                                                        ; Auto               ; Auto               ;
; NOT Gate Push-Back                                                         ; On                 ; On                 ;
; Power-Up Don't Care                                                        ; On                 ; On                 ;
; Remove Redundant Logic Cells                                               ; Off                ; Off                ;
; Remove Duplicate Registers                                                 ; On                 ; On                 ;
; Ignore CARRY Buffers                                                       ; Off                ; Off                ;
; Ignore CASCADE Buffers                                                     ; Off                ; Off                ;
; Ignore GLOBAL Buffers                                                      ; Off                ; Off                ;
; Ignore ROW GLOBAL Buffers                                                  ; Off                ; Off                ;
; Ignore LCELL Buffers                                                       ; Off                ; Off                ;
; Ignore SOFT Buffers                                                        ; On                 ; On                 ;
; Limit AHDL Integers to 32 Bits                                             ; Off                ; Off                ;
; Optimization Technique                                                     ; Balanced           ; Balanced           ;
; Carry Chain Length                                                         ; 70                 ; 70                 ;
; Auto Carry Chains                                                          ; On                 ; On                 ;
; Auto Open-Drain Pins                                                       ; On                 ; On                 ;
; Perform WYSIWYG Primitive Resynthesis                                      ; Off                ; Off                ;
; Auto ROM Replacement                                                       ; On                 ; On                 ;
; Auto RAM Replacement                                                       ; On                 ; On                 ;
; Auto DSP Block Replacement                                                 ; On                 ; On                 ;
; Auto Shift Register Replacement                                            ; Auto               ; Auto               ;
; Allow Shift Register Merging across Hierarchies                            ; Auto               ; Auto               ;
; Auto Clock Enable Replacement                                              ; On                 ; On                 ;
; Strict RAM Replacement                                                     ; Off                ; Off                ;
; Allow Synchronous Control Signals                                          ; On                 ; On                 ;
; Force Use of Synchronous Clear Signals                                     ; Off                ; Off                ;
; Auto RAM Block Balancing                                                   ; On                 ; On                 ;
; Auto RAM to Logic Cell Conversion                                          ; Off                ; Off                ;
; Auto Resource Sharing                                                      ; Off                ; Off                ;
; Allow Any RAM Size For Recognition                                         ; Off                ; Off                ;
; Allow Any ROM Size For Recognition                                         ; Off                ; Off                ;
; Allow Any Shift Register Size For Recognition                              ; Off                ; Off                ;
; Use LogicLock Constraints during Resource Balancing                        ; On                 ; On                 ;
; Ignore translate_off and synthesis_off directives                          ; Off                ; Off                ;
; Timing-Driven Synthesis                                                    ; On                 ; On                 ;
; Report Parameter Settings                                                  ; On                 ; On                 ;
; Report Source Assignments                                                  ; On                 ; On                 ;
; Report Connectivity Checks                                                 ; On                 ; On                 ;
; Ignore Maximum Fan-Out Assignments                                         ; Off                ; Off                ;
; Synchronization Register Chain Length                                      ; 2                  ; 2                  ;
; PowerPlay Power Optimization                                               ; Normal compilation ; Normal compilation ;
; HDL message level                                                          ; Level2             ; Level2             ;
; Suppress Register Optimization Related Messages                            ; Off                ; Off                ;
; Number of Removed Registers Reported in Synthesis Report                   ; 5000               ; 5000               ;
; Number of Swept Nodes Reported in Synthesis Report                         ; 5000               ; 5000               ;
; Number of Inverted Registers Reported in Synthesis Report                  ; 100                ; 100                ;
; Clock MUX Protection                                                       ; On                 ; On                 ;
; Auto Gated Clock Conversion                                                ; Off                ; Off                ;
; Block Design Naming                                                        ; Auto               ; Auto               ;
; SDC constraint protection                                                  ; Off                ; Off                ;
; Synthesis Effort                                                           ; Auto               ; Auto               ;
; Shift Register Replacement - Allow Asynchronous Clear Signal               ; On                 ; On                 ;
; Pre-Mapping Resynthesis Optimization                                       ; Off                ; Off                ;
; Analysis & Synthesis Message Level                                         ; Medium             ; Medium             ;
; Disable Register Merging Across Hierarchies                                ; Auto               ; Auto               ;
; Resource Aware Inference For Block RAM                                     ; On                 ; On                 ;
; Synthesis Seed                                                             ; 1                  ; 1                  ;
+----------------------------------------------------------------------------+--------------------+--------------------+


Parallel compilation was disabled, but you have multiple processors available. Enable parallel compilation to reduce compilation time.
+-------------------------------------+
; Parallel Compilation                ;
+----------------------------+--------+
; Processors                 ; Number ;
+----------------------------+--------+
; Number detected on machine ; 8      ;
; Maximum allowed            ; 1      ;
+----------------------------+--------+


+--------------------------------------------------------------------------------------------------------------------------------------------------------------------------------+
; Analysis & Synthesis Source Files Read                                                                                                                                         ;
+----------------------------------+-----------------+------------------------------------+----------------------------------------------------------------------------+---------+
; File Name with User-Entered Path ; Used in Netlist ; File Type                          ; File Name with Absolute Path                                               ; Library ;
+----------------------------------+-----------------+------------------------------------+----------------------------------------------------------------------------+---------+
; register18.sv                    ; yes             ; User SystemVerilog HDL File        ; C:/Users/Daneshvar/Desktop/DLDLab/Exp4/integrated_quartus/register18.sv    ;         ;
; register.sv                      ; yes             ; User SystemVerilog HDL File        ; C:/Users/Daneshvar/Desktop/DLDLab/Exp4/integrated_quartus/register.sv      ;         ;
; mux2to1.sv                       ; yes             ; User SystemVerilog HDL File        ; C:/Users/Daneshvar/Desktop/DLDLab/Exp4/integrated_quartus/mux2to1.sv       ;         ;
; multiplier.sv                    ; yes             ; User SystemVerilog HDL File        ; C:/Users/Daneshvar/Desktop/DLDLab/Exp4/integrated_quartus/multiplier.sv    ;         ;
; LUTExp.sv                        ; yes             ; User SystemVerilog HDL File        ; C:/Users/Daneshvar/Desktop/DLDLab/Exp4/integrated_quartus/LUTExp.sv        ;         ;
; FreqMult.sv                      ; yes             ; User SystemVerilog HDL File        ; C:/Users/Daneshvar/Desktop/DLDLab/Exp4/integrated_quartus/FreqMult.sv      ;         ;
; exponential.sv                   ; yes             ; User SystemVerilog HDL File        ; C:/Users/Daneshvar/Desktop/DLDLab/Exp4/integrated_quartus/exponential.sv   ;         ;
; expDatapath.sv                   ; yes             ; User SystemVerilog HDL File        ; C:/Users/Daneshvar/Desktop/DLDLab/Exp4/integrated_quartus/expDatapath.sv   ;         ;
; expController.sv                 ; yes             ; User SystemVerilog HDL File        ; C:/Users/Daneshvar/Desktop/DLDLab/Exp4/integrated_quartus/expController.sv ;         ;
; Counter.sv                       ; yes             ; User SystemVerilog HDL File        ; C:/Users/Daneshvar/Desktop/DLDLab/Exp4/integrated_quartus/Counter.sv       ;         ;
; adder.sv                         ; yes             ; User SystemVerilog HDL File        ; C:/Users/Daneshvar/Desktop/DLDLab/Exp4/integrated_quartus/adder.sv         ;         ;
; controller.sv                    ; yes             ; User SystemVerilog HDL File        ; C:/Users/Daneshvar/Desktop/DLDLab/Exp4/integrated_quartus/controller.sv    ;         ;
; datapath.sv                      ; yes             ; User SystemVerilog HDL File        ; C:/Users/Daneshvar/Desktop/DLDLab/Exp4/integrated_quartus/datapath.sv      ;         ;
; integ.bdf                        ; yes             ; User Block Diagram/Schematic File  ; C:/Users/Daneshvar/Desktop/DLDLab/Exp4/integrated_quartus/integ.bdf        ;         ;
; TFF.sv                           ; yes             ; User SystemVerilog HDL File        ; C:/Users/Daneshvar/Desktop/DLDLab/Exp4/integrated_quartus/TFF.sv           ;         ;
; lpm_mult.tdf                     ; yes             ; Megafunction                       ; c:/altera/13.0sp1/quartus/libraries/megafunctions/lpm_mult.tdf             ;         ;
; aglobal130.inc                   ; yes             ; Megafunction                       ; c:/altera/13.0sp1/quartus/libraries/megafunctions/aglobal130.inc           ;         ;
; lpm_add_sub.inc                  ; yes             ; Megafunction                       ; c:/altera/13.0sp1/quartus/libraries/megafunctions/lpm_add_sub.inc          ;         ;
; multcore.inc                     ; yes             ; Megafunction                       ; c:/altera/13.0sp1/quartus/libraries/megafunctions/multcore.inc             ;         ;
; bypassff.inc                     ; yes             ; Megafunction                       ; c:/altera/13.0sp1/quartus/libraries/megafunctions/bypassff.inc             ;         ;
; altshift.inc                     ; yes             ; Megafunction                       ; c:/altera/13.0sp1/quartus/libraries/megafunctions/altshift.inc             ;         ;
; db/mult_7dt.tdf                  ; yes             ; Auto-Generated Megafunction        ; C:/Users/Daneshvar/Desktop/DLDLab/Exp4/integrated_quartus/db/mult_7dt.tdf  ;         ;
+----------------------------------+-----------------+------------------------------------+----------------------------------------------------------------------------+---------+


+---------------------------------------------------------+
; Analysis & Synthesis Resource Usage Summary             ;
+---------------------------------------------+-----------+
; Resource                                    ; Usage     ;
+---------------------------------------------+-----------+
; Estimated Total logic elements              ; 165       ;
;                                             ;           ;
; Total combinational functions               ; 162       ;
; Logic element usage by number of LUT inputs ;           ;
;     -- 4 input functions                    ; 29        ;
;     -- 3 input functions                    ; 87        ;
;     -- <=2 input functions                  ; 46        ;
;                                             ;           ;
; Logic elements by mode                      ;           ;
;     -- normal mode                          ; 132       ;
;     -- arithmetic mode                      ; 30        ;
;                                             ;           ;
; Total registers                             ; 80        ;
;     -- Dedicated logic registers            ; 80        ;
;     -- I/O registers                        ; 0         ;
;                                             ;           ;
; I/O pins                                    ; 56        ;
; Embedded Multiplier 9-bit elements          ; 2         ;
; Maximum fan-out node                        ; rst~input ;
; Maximum fan-out                             ; 65        ;
; Total fan-out                               ; 912       ;
; Average fan-out                             ; 2.56      ;
+---------------------------------------------+-----------+


+--------------------------------------------------------------------------------------------------------------------------------------------------------------------------------------------------------------------------------------------------------------------------------+
; Analysis & Synthesis Resource Utilization by Entity                                                                                                                                                                                                                            ;
+------------------------------------------+-------------------+--------------+-------------+--------------+---------+-----------+------+--------------+----------------------------------------------------------------------------------------------------------+--------------+
; Compilation Hierarchy Node               ; LC Combinationals ; LC Registers ; Memory Bits ; DSP Elements ; DSP 9x9 ; DSP 18x18 ; Pins ; Virtual Pins ; Full Hierarchy Name                                                                                      ; Library Name ;
+------------------------------------------+-------------------+--------------+-------------+--------------+---------+-----------+------+--------------+----------------------------------------------------------------------------------------------------------+--------------+
; |integ                                   ; 162 (1)           ; 80 (0)       ; 0           ; 2            ; 0       ; 1         ; 56   ; 0            ; |integ                                                                                                   ; work         ;
;    |FreqMult:inst|                       ; 62 (0)            ; 20 (0)       ; 0           ; 0            ; 0       ; 0         ; 0    ; 0            ; |integ|FreqMult:inst                                                                                     ; work         ;
;       |controller:CU|                    ; 10 (10)           ; 3 (3)        ; 0           ; 0            ; 0       ; 0         ; 0    ; 0            ; |integ|FreqMult:inst|controller:CU                                                                       ; work         ;
;       |datapath:DP|                      ; 52 (51)           ; 17 (16)      ; 0           ; 0            ; 0       ; 0         ; 0    ; 0            ; |integ|FreqMult:inst|datapath:DP                                                                         ; work         ;
;          |myTFF:TFFi|                    ; 1 (1)             ; 1 (1)        ; 0           ; 0            ; 0       ; 0         ; 0    ; 0            ; |integ|FreqMult:inst|datapath:DP|myTFF:TFFi                                                              ; work         ;
;    |exponential:instExponential|         ; 99 (0)            ; 60 (0)       ; 0           ; 2            ; 0       ; 1         ; 0    ; 0            ; |integ|exponential:instExponential                                                                       ; work         ;
;       |expController:control|            ; 5 (5)             ; 6 (6)        ; 0           ; 0            ; 0       ; 0         ; 0    ; 0            ; |integ|exponential:instExponential|expController:control                                                 ; work         ;
;       |expDatapath:dP|                   ; 94 (0)            ; 54 (0)       ; 0           ; 2            ; 0       ; 1         ; 0    ; 0            ; |integ|exponential:instExponential|expDatapath:dP                                                        ; work         ;
;          |LUT:lut|                       ; 21 (21)           ; 0 (0)        ; 0           ; 0            ; 0       ; 0         ; 0    ; 0            ; |integ|exponential:instExponential|expDatapath:dP|LUT:lut                                                ; work         ;
;          |counter:count|                 ; 5 (5)             ; 4 (4)        ; 0           ; 0            ; 0       ; 0         ; 0    ; 0            ; |integ|exponential:instExponential|expDatapath:dP|counter:count                                          ; work         ;
;          |multiplier:mult|               ; 0 (0)             ; 0 (0)        ; 0           ; 2            ; 0       ; 1         ; 0    ; 0            ; |integ|exponential:instExponential|expDatapath:dP|multiplier:mult                                        ; work         ;
;             |lpm_mult:Mult0|             ; 0 (0)             ; 0 (0)        ; 0           ; 2            ; 0       ; 1         ; 0    ; 0            ; |integ|exponential:instExponential|expDatapath:dP|multiplier:mult|lpm_mult:Mult0                         ; work         ;
;                |mult_7dt:auto_generated| ; 0 (0)             ; 0 (0)        ; 0           ; 2            ; 0       ; 1         ; 0    ; 0            ; |integ|exponential:instExponential|expDatapath:dP|multiplier:mult|lpm_mult:Mult0|mult_7dt:auto_generated ; work         ;
;          |mux2to1:mux|                   ; 16 (16)           ; 0 (0)        ; 0           ; 0            ; 0       ; 0         ; 0    ; 0            ; |integ|exponential:instExponential|expDatapath:dP|mux2to1:mux                                            ; work         ;
;          |register18:rres|               ; 19 (19)           ; 18 (18)      ; 0           ; 0            ; 0       ; 0         ; 0    ; 0            ; |integ|exponential:instExponential|expDatapath:dP|register18:rres                                        ; work         ;
;          |register:regx|                 ; 16 (16)           ; 16 (16)      ; 0           ; 0            ; 0       ; 0         ; 0    ; 0            ; |integ|exponential:instExponential|expDatapath:dP|register:regx                                          ; work         ;
;          |register:rtemp|                ; 17 (17)           ; 16 (16)      ; 0           ; 0            ; 0       ; 0         ; 0    ; 0            ; |integ|exponential:instExponential|expDatapath:dP|register:rtemp                                         ; work         ;
+------------------------------------------+-------------------+--------------+-------------+--------------+---------+-----------+------+--------------+----------------------------------------------------------------------------------------------------------+--------------+
Note: For table entries with two numbers listed, the numbers in parentheses indicate the number of resources of the given type used by the specific entity alone. The numbers listed outside of parentheses indicate the total resources of the given type used by the specific entity and all of its sub-entities in the hierarchy.


+-----------------------------------------------------+
; Analysis & Synthesis DSP Block Usage Summary        ;
+---------------------------------------+-------------+
; Statistic                             ; Number Used ;
+---------------------------------------+-------------+
; Simple Multipliers (9-bit)            ; 0           ;
; Simple Multipliers (18-bit)           ; 1           ;
; Embedded Multiplier Blocks            ; --          ;
; Embedded Multiplier 9-bit elements    ; 2           ;
; Signed Embedded Multipliers           ; 0           ;
; Unsigned Embedded Multipliers         ; 1           ;
; Mixed Sign Embedded Multipliers       ; 0           ;
; Variable Sign Embedded Multipliers    ; 0           ;
; Dedicated Input Shift Register Chains ; 0           ;
+---------------------------------------+-------------+
Note: number of Embedded Multiplier Blocks used is only available after a successful fit.


Encoding Type:  One-Hot
+-------------------------------------------------------------------------------------------+
; State Machine - |integ|exponential:instExponential|expController:control|ps               ;
+-------------------+--------+----------+----------+----------+-------------------+---------+
; Name              ; ps.Add ; ps.Mult2 ; ps.Mult1 ; ps.Begin ; ps.Initialization ; ps.Idle ;
+-------------------+--------+----------+----------+----------+-------------------+---------+
; ps.Idle           ; 0      ; 0        ; 0        ; 0        ; 0                 ; 0       ;
; ps.Initialization ; 0      ; 0        ; 0        ; 0        ; 1                 ; 1       ;
; ps.Begin          ; 0      ; 0        ; 0        ; 1        ; 0                 ; 1       ;
; ps.Mult1          ; 0      ; 0        ; 1        ; 0        ; 0                 ; 1       ;
; ps.Mult2          ; 0      ; 1        ; 0        ; 0        ; 0                 ; 1       ;
; ps.Add            ; 1      ; 0        ; 0        ; 0        ; 0                 ; 1       ;
+-------------------+--------+----------+----------+----------+-------------------+---------+


+---------------------------------------------------------------------------------------------------------------------------------------------------------+
; User-Specified and Inferred Latches                                                                                                                     ;
+--------------------------------------------------------------+-----------------------------------------------------------------+------------------------+
; Latch Name                                                   ; Latch Enable Signal                                             ; Free of Timing Hazards ;
+--------------------------------------------------------------+-----------------------------------------------------------------+------------------------+
; exponential:instExponential|expDatapath:dP|LUT:lut|datat[0]  ; exponential:instExponential|expDatapath:dP|counter:count|out[3] ; yes                    ;
; exponential:instExponential|expDatapath:dP|LUT:lut|datat[1]  ; exponential:instExponential|expDatapath:dP|counter:count|out[3] ; yes                    ;
; exponential:instExponential|expDatapath:dP|LUT:lut|datat[2]  ; exponential:instExponential|expDatapath:dP|counter:count|out[3] ; yes                    ;
; exponential:instExponential|expDatapath:dP|LUT:lut|datat[3]  ; exponential:instExponential|expDatapath:dP|counter:count|out[3] ; yes                    ;
; exponential:instExponential|expDatapath:dP|LUT:lut|datat[4]  ; exponential:instExponential|expDatapath:dP|counter:count|out[3] ; yes                    ;
; exponential:instExponential|expDatapath:dP|LUT:lut|datat[5]  ; exponential:instExponential|expDatapath:dP|counter:count|out[3] ; yes                    ;
; exponential:instExponential|expDatapath:dP|LUT:lut|datat[6]  ; exponential:instExponential|expDatapath:dP|counter:count|out[3] ; yes                    ;
; exponential:instExponential|expDatapath:dP|LUT:lut|datat[7]  ; exponential:instExponential|expDatapath:dP|counter:count|out[3] ; yes                    ;
; exponential:instExponential|expDatapath:dP|LUT:lut|datat[8]  ; exponential:instExponential|expDatapath:dP|counter:count|out[3] ; yes                    ;
; exponential:instExponential|expDatapath:dP|LUT:lut|datat[9]  ; exponential:instExponential|expDatapath:dP|counter:count|out[3] ; yes                    ;
; exponential:instExponential|expDatapath:dP|LUT:lut|datat[10] ; exponential:instExponential|expDatapath:dP|counter:count|out[3] ; yes                    ;
; exponential:instExponential|expDatapath:dP|LUT:lut|datat[11] ; exponential:instExponential|expDatapath:dP|counter:count|out[3] ; yes                    ;
; exponential:instExponential|expDatapath:dP|LUT:lut|datat[12] ; exponential:instExponential|expDatapath:dP|counter:count|out[3] ; yes                    ;
; exponential:instExponential|expDatapath:dP|LUT:lut|datat[13] ; exponential:instExponential|expDatapath:dP|counter:count|out[3] ; yes                    ;
; exponential:instExponential|expDatapath:dP|LUT:lut|datat[14] ; exponential:instExponential|expDatapath:dP|counter:count|out[3] ; yes                    ;
; exponential:instExponential|expDatapath:dP|LUT:lut|datat[15] ; exponential:instExponential|expDatapath:dP|counter:count|out[3] ; yes                    ;
; Number of user-specified and inferred latches = 16           ;                                                                 ;                        ;
+--------------------------------------------------------------+-----------------------------------------------------------------+------------------------+
Note: All latches listed above may not be present at the end of synthesis due to various synthesis optimizations.


+-------------------------------------------------------------------------------------------------+
; Registers Removed During Synthesis                                                              ;
+--------------------------------------------------------+----------------------------------------+
; Register name                                          ; Reason for Removal                     ;
+--------------------------------------------------------+----------------------------------------+
; FreqMult:inst|controller:CU|ps[3..31]                  ; Stuck at GND due to stuck port data_in ;
; FreqMult:inst|datapath:DP|kcalc                        ; Stuck at VCC due to stuck port data_in ;
; exponential:instExponential|expController:control|ps~4 ; Lost fanout                            ;
; exponential:instExponential|expController:control|ps~5 ; Lost fanout                            ;
; exponential:instExponential|expController:control|ps~6 ; Lost fanout                            ;
; FreqMult:inst|datapath:DP|duration[7]                  ; Lost fanout                            ;
; Total Number of Removed Registers = 34                 ;                                        ;
+--------------------------------------------------------+----------------------------------------+


+------------------------------------------------------------------------------------------------------------------------------------------+
; Removed Registers Triggering Further Register Optimizations                                                                              ;
+------------------------------------+---------------------------+-------------------------------------------------------------------------+
; Register name                      ; Reason for Removal        ; Registers Removed due to This Register                                  ;
+------------------------------------+---------------------------+-------------------------------------------------------------------------+
; FreqMult:inst|controller:CU|ps[31] ; Stuck at GND              ; FreqMult:inst|controller:CU|ps[25], FreqMult:inst|controller:CU|ps[24], ;
;                                    ; due to stuck port data_in ; FreqMult:inst|controller:CU|ps[23]                                      ;
+------------------------------------+---------------------------+-------------------------------------------------------------------------+


+------------------------------------------------------+
; General Register Statistics                          ;
+----------------------------------------------+-------+
; Statistic                                    ; Value ;
+----------------------------------------------+-------+
; Total registers                              ; 80    ;
; Number of registers using Synchronous Clear  ; 2     ;
; Number of registers using Synchronous Load   ; 25    ;
; Number of registers using Asynchronous Clear ; 65    ;
; Number of registers using Asynchronous Load  ; 0     ;
; Number of registers using Clock Enable       ; 68    ;
; Number of registers using Preset             ; 0     ;
+----------------------------------------------+-------+


+------------------------------------------------------------------------------------------------------------------------------------------------------------------------------------------+
; Multiplexer Restructuring Statistics (Restructuring Performed)                                                                                                                           ;
+--------------------+-----------+---------------+----------------------+------------------------+------------+----------------------------------------------------------------------------+
; Multiplexer Inputs ; Bus Width ; Baseline Area ; Area if Restructured ; Saving if Restructured ; Registered ; Example Multiplexer Output                                                 ;
+--------------------+-----------+---------------+----------------------+------------------------+------------+----------------------------------------------------------------------------+
; 3:1                ; 16 bits   ; 32 LEs        ; 16 LEs               ; 16 LEs                 ; Yes        ; |integ|exponential:instExponential|expDatapath:dP|register:regx|r_out[8]   ;
; 3:1                ; 4 bits    ; 8 LEs         ; 4 LEs                ; 4 LEs                  ; Yes        ; |integ|exponential:instExponential|expDatapath:dP|counter:count|out[3]     ;
; 3:1                ; 18 bits   ; 36 LEs        ; 18 LEs               ; 18 LEs                 ; Yes        ; |integ|exponential:instExponential|expDatapath:dP|register18:rres|r_out[6] ;
; 3:1                ; 7 bits    ; 14 LEs        ; 7 LEs                ; 7 LEs                  ; Yes        ; |integ|FreqMult:inst|datapath:DP|cnt[1]                                    ;
; 4:1                ; 8 bits    ; 16 LEs        ; 8 LEs                ; 8 LEs                  ; Yes        ; |integ|FreqMult:inst|datapath:DP|duration[0]                               ;
; 4:1                ; 16 bits   ; 32 LEs        ; 32 LEs               ; 0 LEs                  ; Yes        ; |integ|exponential:instExponential|expDatapath:dP|register:rtemp|r_out[10] ;
; 3:1                ; 2 bits    ; 4 LEs         ; 4 LEs                ; 0 LEs                  ; No         ; |integ|FreqMult:inst|datapath:DP|ShiftRight0                               ;
; 4:1                ; 2 bits    ; 4 LEs         ; 4 LEs                ; 0 LEs                  ; No         ; |integ|FreqMult:inst|controller:CU|curState[1]                             ;
+--------------------+-----------+---------------+----------------------+------------------------+------------+----------------------------------------------------------------------------+


+------------------------------------------------------------------------------------------------+
; Parameter Settings for User Entity Instance: exponential:instExponential|expController:control ;
+----------------+-------+-----------------------------------------------------------------------+
; Parameter Name ; Value ; Type                                                                  ;
+----------------+-------+-----------------------------------------------------------------------+
; Idle           ; 000   ; Unsigned Binary                                                       ;
; Initialization ; 001   ; Unsigned Binary                                                       ;
; Begin          ; 010   ; Unsigned Binary                                                       ;
; Mult1          ; 011   ; Unsigned Binary                                                       ;
; Mult2          ; 100   ; Unsigned Binary                                                       ;
; Add            ; 101   ; Unsigned Binary                                                       ;
+----------------+-------+-----------------------------------------------------------------------+
Note: In order to hide this table in the UI and the text report file, please set the "Show Parameter Settings in Synthesis Report" option in "Analysis and Synthesis Settings -> More Settings" to "Off".


+----------------------------------------------------------------------------------------------------------------------------+
; Parameter Settings for Inferred Entity Instance: exponential:instExponential|expDatapath:dP|multiplier:mult|lpm_mult:Mult0 ;
+------------------------------------------------+--------------+------------------------------------------------------------+
; Parameter Name                                 ; Value        ; Type                                                       ;
+------------------------------------------------+--------------+------------------------------------------------------------+
; AUTO_CARRY_CHAINS                              ; ON           ; AUTO_CARRY                                                 ;
; IGNORE_CARRY_BUFFERS                           ; OFF          ; IGNORE_CARRY                                               ;
; AUTO_CASCADE_CHAINS                            ; ON           ; AUTO_CASCADE                                               ;
; IGNORE_CASCADE_BUFFERS                         ; OFF          ; IGNORE_CASCADE                                             ;
; LPM_WIDTHA                                     ; 16           ; Untyped                                                    ;
; LPM_WIDTHB                                     ; 16           ; Untyped                                                    ;
; LPM_WIDTHP                                     ; 32           ; Untyped                                                    ;
; LPM_WIDTHR                                     ; 32           ; Untyped                                                    ;
; LPM_WIDTHS                                     ; 1            ; Untyped                                                    ;
; LPM_REPRESENTATION                             ; UNSIGNED     ; Untyped                                                    ;
; LPM_PIPELINE                                   ; 0            ; Untyped                                                    ;
; LATENCY                                        ; 0            ; Untyped                                                    ;
; INPUT_A_IS_CONSTANT                            ; NO           ; Untyped                                                    ;
; INPUT_B_IS_CONSTANT                            ; NO           ; Untyped                                                    ;
; USE_EAB                                        ; OFF          ; Untyped                                                    ;
; MAXIMIZE_SPEED                                 ; 6            ; Untyped                                                    ;
; DEVICE_FAMILY                                  ; Cyclone IV E ; Untyped                                                    ;
; CARRY_CHAIN                                    ; MANUAL       ; Untyped                                                    ;
; APEX20K_TECHNOLOGY_MAPPER                      ; LUT          ; TECH_MAPPER_APEX20K                                        ;
; DEDICATED_MULTIPLIER_CIRCUITRY                 ; AUTO         ; Untyped                                                    ;
; DEDICATED_MULTIPLIER_MIN_INPUT_WIDTH_FOR_AUTO  ; 0            ; Untyped                                                    ;
; DEDICATED_MULTIPLIER_MIN_OUTPUT_WIDTH_FOR_AUTO ; 0            ; Untyped                                                    ;
; CBXI_PARAMETER                                 ; mult_7dt     ; Untyped                                                    ;
; INPUT_A_FIXED_VALUE                            ; Bx           ; Untyped                                                    ;
; INPUT_B_FIXED_VALUE                            ; Bx           ; Untyped                                                    ;
; USE_AHDL_IMPLEMENTATION                        ; OFF          ; Untyped                                                    ;
+------------------------------------------------+--------------+------------------------------------------------------------+
Note: In order to hide this table in the UI and the text report file, please set the "Show Parameter Settings in Synthesis Report" option in "Analysis and Synthesis Settings -> More Settings" to "Off".


+-------------------------------------------------------------------------------------------------------------------+
; lpm_mult Parameter Settings by Entity Instance                                                                    ;
+---------------------------------------+---------------------------------------------------------------------------+
; Name                                  ; Value                                                                     ;
+---------------------------------------+---------------------------------------------------------------------------+
; Number of entity instances            ; 1                                                                         ;
; Entity Instance                       ; exponential:instExponential|expDatapath:dP|multiplier:mult|lpm_mult:Mult0 ;
;     -- LPM_WIDTHA                     ; 16                                                                        ;
;     -- LPM_WIDTHB                     ; 16                                                                        ;
;     -- LPM_WIDTHP                     ; 32                                                                        ;
;     -- LPM_REPRESENTATION             ; UNSIGNED                                                                  ;
;     -- INPUT_A_IS_CONSTANT            ; NO                                                                        ;
;     -- INPUT_B_IS_CONSTANT            ; NO                                                                        ;
;     -- USE_EAB                        ; OFF                                                                       ;
;     -- DEDICATED_MULTIPLIER_CIRCUITRY ; AUTO                                                                      ;
;     -- INPUT_A_FIXED_VALUE            ; Bx                                                                        ;
;     -- INPUT_B_FIXED_VALUE            ; Bx                                                                        ;
+---------------------------------------+---------------------------------------------------------------------------+


+----------------------------------------------------------------------------------+
; Port Connectivity Checks: "exponential:instExponential|expDatapath:dP|adder:add" ;
+-----------+-------+----------+---------------------------------------------------+
; Port      ; Type  ; Severity ; Details                                           ;
+-----------+-------+----------+---------------------------------------------------+
; b[17..16] ; Input ; Info     ; Stuck at GND                                      ;
+-----------+-------+----------+---------------------------------------------------+


+--------------------------------------------------------------------------------------+
; Port Connectivity Checks: "exponential:instExponential|expDatapath:dP|counter:count" ;
+------+-------+----------+------------------------------------------------------------+
; Port ; Type  ; Severity ; Details                                                    ;
+------+-------+----------+------------------------------------------------------------+
; in   ; Input ; Info     ; Stuck at GND                                               ;
+------+-------+----------+------------------------------------------------------------+


+-------------------------------+
; Elapsed Time Per Partition    ;
+----------------+--------------+
; Partition Name ; Elapsed Time ;
+----------------+--------------+
; Top            ; 00:00:00     ;
+----------------+--------------+


+-------------------------------+
; Analysis & Synthesis Messages ;
+-------------------------------+
Info: *******************************************************************
Info: Running Quartus II 64-Bit Analysis & Synthesis
    Info: Version 13.0.1 Build 232 06/12/2013 Service Pack 1 SJ Web Edition
    Info: Processing started: Thu Dec 24 19:30:53 2020
Info: Command: quartus_map --read_settings_files=on --write_settings_files=off integ -c integ
Warning (20028): Parallel compilation is not licensed and has been disabled
Info (12021): Found 1 design units, including 1 entities, in source file register18.sv
    Info (12023): Found entity 1: register18
Info (12021): Found 1 design units, including 1 entities, in source file register.sv
    Info (12023): Found entity 1: register
Info (12021): Found 1 design units, including 1 entities, in source file mux2to1.sv
    Info (12023): Found entity 1: mux2to1
Info (12021): Found 1 design units, including 1 entities, in source file multiplier.sv
    Info (12023): Found entity 1: multiplier
Info (12021): Found 1 design units, including 1 entities, in source file lutexp.sv
    Info (12023): Found entity 1: LUT
Info (12021): Found 1 design units, including 1 entities, in source file freqmult.sv
    Info (12023): Found entity 1: FreqMult
Info (12021): Found 1 design units, including 1 entities, in source file exponential.sv
    Info (12023): Found entity 1: exponential
Info (12021): Found 1 design units, including 1 entities, in source file expdatapath.sv
    Info (12023): Found entity 1: expDatapath
Info (12021): Found 1 design units, including 1 entities, in source file expcontroller.sv
    Info (12023): Found entity 1: expController
Info (12021): Found 1 design units, including 1 entities, in source file counter.sv
    Info (12023): Found entity 1: counter
Info (12021): Found 1 design units, including 1 entities, in source file adder.sv
    Info (12023): Found entity 1: adder
Info (12021): Found 1 design units, including 1 entities, in source file controller.sv
    Info (12023): Found entity 1: controller
Info (12021): Found 1 design units, including 1 entities, in source file datapath.sv
    Info (12023): Found entity 1: datapath
Info (12021): Found 1 design units, including 1 entities, in source file integ.bdf
    Info (12023): Found entity 1: integ
Info (12021): Found 1 design units, including 1 entities, in source file tff.sv
    Info (12023): Found entity 1: myTFF
Info (12127): Elaborating entity "integ" for the top level hierarchy
Info (12128): Elaborating entity "exponential" for hierarchy "exponential:instExponential"
Info (12128): Elaborating entity "expController" for hierarchy "exponential:instExponential|expController:control"
Info (12128): Elaborating entity "expDatapath" for hierarchy "exponential:instExponential|expDatapath:dP"
Info (12128): Elaborating entity "register" for hierarchy "exponential:instExponential|expDatapath:dP|register:regx"
Info (12128): Elaborating entity "counter" for hierarchy "exponential:instExponential|expDatapath:dP|counter:count"
Info (12128): Elaborating entity "LUT" for hierarchy "exponential:instExponential|expDatapath:dP|LUT:lut"
Warning (10270): Verilog HDL Case Statement warning at LUTExp.sv(4): incomplete case statement has no default case item
Warning (10240): Verilog HDL Always Construct warning at LUTExp.sv(3): inferring latch(es) for variable "datat", which holds its previous value in one or more paths through the always construct
Info (10041): Inferred latch for "datat[0]" at LUTExp.sv(3)
Info (10041): Inferred latch for "datat[1]" at LUTExp.sv(3)
Info (10041): Inferred latch for "datat[2]" at LUTExp.sv(3)
Info (10041): Inferred latch for "datat[3]" at LUTExp.sv(3)
Info (10041): Inferred latch for "datat[4]" at LUTExp.sv(3)
Info (10041): Inferred latch for "datat[5]" at LUTExp.sv(3)
Info (10041): Inferred latch for "datat[6]" at LUTExp.sv(3)
Info (10041): Inferred latch for "datat[7]" at LUTExp.sv(3)
Info (10041): Inferred latch for "datat[8]" at LUTExp.sv(3)
Info (10041): Inferred latch for "datat[9]" at LUTExp.sv(3)
Info (10041): Inferred latch for "datat[10]" at LUTExp.sv(3)
Info (10041): Inferred latch for "datat[11]" at LUTExp.sv(3)
Info (10041): Inferred latch for "datat[12]" at LUTExp.sv(3)
Info (10041): Inferred latch for "datat[13]" at LUTExp.sv(3)
Info (10041): Inferred latch for "datat[14]" at LUTExp.sv(3)
Info (10041): Inferred latch for "datat[15]" at LUTExp.sv(3)
Info (12128): Elaborating entity "mux2to1" for hierarchy "exponential:instExponential|expDatapath:dP|mux2to1:mux"
Info (12128): Elaborating entity "multiplier" for hierarchy "exponential:instExponential|expDatapath:dP|multiplier:mult"
Info (12128): Elaborating entity "adder" for hierarchy "exponential:instExponential|expDatapath:dP|adder:add"
Info (12128): Elaborating entity "register18" for hierarchy "exponential:instExponential|expDatapath:dP|register18:rres"
Info (12128): Elaborating entity "FreqMult" for hierarchy "FreqMult:inst"
Info (12128): Elaborating entity "datapath" for hierarchy "FreqMult:inst|datapath:DP"
Warning (10230): Verilog HDL assignment warning at datapath.sv(24): truncated value with size 32 to match size of target (8)
Warning (10230): Verilog HDL assignment warning at datapath.sv(47): truncated value with size 32 to match size of target (8)
Info (12128): Elaborating entity "myTFF" for hierarchy "FreqMult:inst|datapath:DP|myTFF:TFFi"
Info (12128): Elaborating entity "controller" for hierarchy "FreqMult:inst|controller:CU"
Warning (10235): Verilog HDL Always Construct warning at controller.sv(23): variable "ps" is read inside the Always Construct but isn't in the Always Construct's Event Control
Warning (10270): Verilog HDL Case Statement warning at controller.sv(35): incomplete case statement has no default case item
Info (278001): Inferred 1 megafunctions from design logic
    Info (278003): Inferred multiplier megafunction ("lpm_mult") from the following logic: "exponential:instExponential|expDatapath:dP|multiplier:mult|Mult0"
Info (12130): Elaborated megafunction instantiation "exponential:instExponential|expDatapath:dP|multiplier:mult|lpm_mult:Mult0"
Info (12133): Instantiated megafunction "exponential:instExponential|expDatapath:dP|multiplier:mult|lpm_mult:Mult0" with the following parameter:
    Info (12134): Parameter "LPM_WIDTHA" = "16"
    Info (12134): Parameter "LPM_WIDTHB" = "16"
    Info (12134): Parameter "LPM_WIDTHP" = "32"
    Info (12134): Parameter "LPM_WIDTHR" = "32"
    Info (12134): Parameter "LPM_WIDTHS" = "1"
    Info (12134): Parameter "LPM_REPRESENTATION" = "UNSIGNED"
    Info (12134): Parameter "INPUT_A_IS_CONSTANT" = "NO"
    Info (12134): Parameter "INPUT_B_IS_CONSTANT" = "NO"
    Info (12134): Parameter "MAXIMIZE_SPEED" = "6"
Info (12021): Found 1 design units, including 1 entities, in source file db/mult_7dt.tdf
    Info (12023): Found entity 1: mult_7dt
Info (13025): Duplicate LATCH primitives merged into single LATCH primitive
    Info (13026): Duplicate LATCH primitive "exponential:instExponential|expDatapath:dP|LUT:lut|datat[12]" merged with LATCH primitive "exponential:instExponential|expDatapath:dP|LUT:lut|datat[0]"
    Info (13026): Duplicate LATCH primitive "exponential:instExponential|expDatapath:dP|LUT:lut|datat[8]" merged with LATCH primitive "exponential:instExponential|expDatapath:dP|LUT:lut|datat[0]"
    Info (13026): Duplicate LATCH primitive "exponential:instExponential|expDatapath:dP|LUT:lut|datat[6]" merged with LATCH primitive "exponential:instExponential|expDatapath:dP|LUT:lut|datat[2]"
    Info (13026): Duplicate LATCH primitive "exponential:instExponential|expDatapath:dP|LUT:lut|datat[11]" merged with LATCH primitive "exponential:instExponential|expDatapath:dP|LUT:lut|datat[3]"
    Info (13026): Duplicate LATCH primitive "exponential:instExponential|expDatapath:dP|LUT:lut|datat[9]" merged with LATCH primitive "exponential:instExponential|expDatapath:dP|LUT:lut|datat[5]"
Info (286030): Timing-Driven Synthesis is running
Info (17049): 4 registers lost all their fanouts during netlist optimizations.
Info (16010): Generating hard_block partition "hard_block:auto_generated_inst"
    Info (16011): Adding 0 node(s), including 0 DDIO, 0 PLL, 0 transceiver and 0 LCELL
Info (21057): Implemented 223 device resources after synthesis - the final resource count might be different
    Info (21058): Implemented 24 input pins
    Info (21059): Implemented 32 output pins
    Info (21061): Implemented 165 logic cells
    Info (21062): Implemented 2 DSP elements
Info: Quartus II 64-Bit Analysis & Synthesis was successful. 0 errors, 7 warnings
    Info: Peak virtual memory: 4611 megabytes
    Info: Processing ended: Thu Dec 24 19:30:55 2020
    Info: Elapsed time: 00:00:02
    Info: Total CPU time (on all processors): 00:00:02


